<?xml version="1.0" encoding="UTF-8" ?>
<testsuite tests="5" failures="0" name="CucumberOptions.TestRunner" time="7.296" errors="0" skipped="0">
  <properties>
[...]
</properties>
  <testcase classname="Test the Category service API" name="Verify that the GET category API endpoint returns categories" time="2.515"/>
  <testcase classname="Test the Category service API" name="Verify that the GET single category API endpoint returns a category" time="1.122"/>
  <testcase classname="Test the Category service API" name="Verify that a new category can be added/created using the POST category API endpoint" time="1.089"/>
  <testcase classname="Test the Category service API" name="Verify that a category can be updated using the PUT category API endpoint" time="1.04"/>
  <testcase classname="Test the Category service API" name="Verify that a category can be deleted using the DELETE category API endpoint" time="1.53"/>
</testsuite>